This is pdfTeX, Version 3.1415926-2.3-1.40.12 (TeX Live 2011) (format=pdflatex 2011.7.3)  26 OCT 2011 19:09
entering extended mode
 restricted \write18 enabled.
 %&-line parsing enabled.
**init-report.tex
(./init-report.tex
LaTeX2e <2009/09/24>
Babel <v3.8l> and hyphenation patterns for english, dumylang, nohyphenation, ge
rman-x-2009-06-19, ngerman-x-2009-06-19, afrikaans, ancientgreek, ibycus, arabi
c, armenian, basque, bulgarian, catalan, pinyin, coptic, croatian, czech, danis
h, dutch, ukenglish, usenglishmax, esperanto, estonian, ethiopic, farsi, finnis
h, french, galician, german, ngerman, swissgerman, monogreek, greek, hungarian,
 icelandic, assamese, bengali, gujarati, hindi, kannada, malayalam, marathi, or
iya, panjabi, tamil, telugu, indonesian, interlingua, irish, italian, kurmanji,
 lao, latin, latvian, lithuanian, mongolian, mongolianlmc, bokmal, nynorsk, pol
ish, portuguese, romanian, russian, sanskrit, serbian, serbianc, slovak, sloven
ian, spanish, swedish, turkish, turkmen, ukrainian, uppersorbian, welsh, loaded
.
(/usr/local/texlive/2011/texmf-dist/tex/latex/base/article.cls
Document Class: article 2007/10/19 v1.4h Standard LaTeX document class
(/usr/local/texlive/2011/texmf-dist/tex/latex/base/size12.clo
File: size12.clo 2007/10/19 v1.4h Standard LaTeX file (size option)
)
\c@part=\count79
\c@section=\count80
\c@subsection=\count81
\c@subsubsection=\count82
\c@paragraph=\count83
\c@subparagraph=\count84
\c@figure=\count85
\c@table=\count86
\abovecaptionskip=\skip41
\belowcaptionskip=\skip42
\bibindent=\dimen102
)
No file init-report.aux.
\openout1 = `init-report.aux'.

LaTeX Font Info:    Checking defaults for OML/cmm/m/it on input line 3.
LaTeX Font Info:    ... okay on input line 3.
LaTeX Font Info:    Checking defaults for T1/cmr/m/n on input line 3.
LaTeX Font Info:    ... okay on input line 3.
LaTeX Font Info:    Checking defaults for OT1/cmr/m/n on input line 3.
LaTeX Font Info:    ... okay on input line 3.
LaTeX Font Info:    Checking defaults for OMS/cmsy/m/n on input line 3.
LaTeX Font Info:    ... okay on input line 3.
LaTeX Font Info:    Checking defaults for OMX/cmex/m/n on input line 3.
LaTeX Font Info:    ... okay on input line 3.
LaTeX Font Info:    Checking defaults for U/cmr/m/n on input line 3.
LaTeX Font Info:    ... okay on input line 3.
LaTeX Font Info:    External font `cmex10' loaded for size
(Font)              <14.4> on input line 7.
LaTeX Font Info:    External font `cmex10' loaded for size
(Font)              <7> on input line 7.
No file init-report.toc.
\tf@toc=\write3
\openout3 = `init-report.toc'.

[1

{/usr/local/texlive/2011/texmf-var/fonts/map/pdftex/updmap/pdftex.map}]
Missing character: There is no â in font cmr12!
Missing character: There is no € in font cmr12!
Missing character: There is no ™ in font cmr12!
LaTeX Font Info:    External font `cmex10' loaded for size
(Font)              <12> on input line 28.
LaTeX Font Info:    External font `cmex10' loaded for size
(Font)              <8> on input line 28.
LaTeX Font Info:    External font `cmex10' loaded for size
(Font)              <6> on input line 28.
Missing character: There is no â in font cmr12!
Missing character: There is no € in font cmr12!
Missing character: There is no ™ in font cmr12!

[2] [3]
LaTeX Font Info:    Try loading font information for OMS+cmr on input line 48.
 (/usr/local/texlive/2011/texmf-dist/tex/latex/base/omscmr.fd
File: omscmr.fd 1999/05/25 v2.5h Standard LaTeX font definitions
)
LaTeX Font Info:    Font shape `OMS/cmr/m/n' in size <12> not available
(Font)              Font shape `OMS/cmsy/m/n' tried instead on input line 48.
 [4]
Overfull \hbox (11.314pt too wide) in paragraph at lines 59--60
[]\OT1/cmr/m/n/12 MongoDB (http://mongodb.org/) is a scal-able open-source non-
relational
 []

[5]
Missing character: There is no â in font cmr12!
Missing character: There is no € in font cmr12!
Missing character: There is no ™ in font cmr12!

Overfull \hbox (10.93195pt too wide) in paragraph at lines 87--88
\OT1/cmr/m/n/12 databases tend to have quicker in-put and ac-cess times than re
-la-tional databases,
 []

[6] [7] (./init-report.aux) ) 
Here is how much of TeX's memory you used:
 250 strings out of 493633
 2867 string characters out of 3143378
 55245 words of memory out of 3000000
 3624 multiletter control sequences out of 15000+200000
 8808 words of font info for 31 fonts, out of 3000000 for 9000
 831 hyphenation exceptions out of 8191
 22i,6n,19p,1466b,187s stack positions out of 5000i,500n,10000p,200000b,50000s
</usr/local/texlive/2011/texmf-dist/fonts/type1/pu
blic/amsfonts/cm/cmbx12.pfb></usr/local/texlive/2011/texmf-dist/fonts/type1/pub
lic/amsfonts/cm/cmr12.pfb></usr/local/texlive/2011/texmf-dist/fonts/type1/publi
c/amsfonts/cm/cmr17.pfb></usr/local/texlive/2011/texmf-dist/fonts/type1/public/
amsfonts/cm/cmr8.pfb></usr/local/texlive/2011/texmf-dist/fonts/type1/public/ams
fonts/cm/cmsy10.pfb>
Output written on init-report.pdf (7 pages, 74731 bytes).
PDF statistics:
 48 PDF objects out of 1000 (max. 8388607)
 33 compressed objects within 1 object stream
 0 named destinations out of 1000 (max. 500000)
 1 words of extra memory for PDF output out of 10000 (max. 10000000)

